"../../../Engine/Content/EngineSky/T_Sky_Blue.uasset" 0
"../../../Engine/Content/EngineSky/T_Sky_Clouds_M.uasset" 1
"../../../Engine/Content/EngineSky/T_Sky_Stars.uasset" 2
"../../../Engine/Content/EngineSky/M_Sky_Panning_Clouds2.uasset" 3
"../../../Engine/Content/EngineSky/SM_SkySphere.uasset" 4
"../../../LifePlay/Content/BPs/SkyBox.uasset" 5
"../../../LifePlay/Content/Characters/Textures/body_displ.uasset" 6
"../../../LifePlay/Content/Characters/Textures/DisplacementMap.uasset" 7
"../../../LifePlay/Content/Characters/Textures/human_male_displacement.uasset" 8
"../../../LifePlay/Content/Characters/Textures/ScatterMap.uasset" 9
"../../../LifePlay/Content/Characters/Textures/Fem/female_displacement.uasset" 10
"../../../LifePlay/Content/Characters/Textures/Fem/Fem_Displacement.uasset" 11
"../../../LifePlay/Content/UI/Icons/favorite.uasset" 12
"../../../Engine/Content/Functions/Engine_MaterialFunctions01/Opacity/CameraDepthFade.uasset" 13
"../../../Engine/Content/EngineMaterials/T_Default_Material_Grid_M.uasset" 14
"../../../Engine/Content/EngineMaterials/T_Default_Material_Grid_N.uasset" 15
"../../../Engine/Content/EngineMaterials/DefaultMaterial.uasset" 16
"../../../Engine/Content/BasicShapes/Cone.uasset" 17
"../../../Engine/Content/BasicShapes/Cylinder.uasset" 18
"../../../Engine/Content/EngineMaterials/WorldGridMaterial.uasset" 19
"../../../Engine/Content/BasicShapes/Plane.uasset" 20
"../../../Engine/Content/BasicShapes/Sphere.uasset" 21
"../../../Engine/Content/EditorLandscapeResources/DataLayer.uasset" 22
"../../../Engine/Content/EditorMaterials/GizmoMaterial.uasset" 23
"../../../Engine/Content/EditorMaterials/MAT_Groups_Toggle.uasset" 24
"../../../Engine/Content/EditorMaterials/MAT_Groups_Visibility.uasset" 25
"../../../Engine/Content/EditorMaterials/PreviewShadowIndicator.uasset" 26
"../../../Engine/Content/EditorMaterials/PreviewShadowIndicatorMaterial.uasset" 27
"../../../Engine/Content/EditorMaterials/MatineeGroups/MAT_ColorTrack.uasset" 28
"../../../Engine/Content/EditorMaterials/MatineeGroups/MAT_Groups_Anim.uasset" 29
"../../../Engine/Content/EditorMaterials/MatineeGroups/MAT_Groups_AudioMaster.uasset" 30
"../../../Engine/Content/EditorMaterials/MatineeGroups/MAT_Groups_Director.uasset" 31
"../../../Engine/Content/EditorMaterials/MatineeGroups/MAT_Groups_Event.uasset" 32
"../../../Engine/Content/EditorMaterials/MatineeGroups/MAT_Groups_Fade.uasset" 33
"../../../Engine/Content/EditorMaterials/MatineeGroups/MAT_Groups_Float.uasset" 34
"../../../Engine/Content/EditorMaterials/MatineeGroups/MAT_Groups_Move.uasset" 35
"../../../Engine/Content/EditorMaterials/MatineeGroups/MAT_Groups_Slomo.uasset" 36
"../../../Engine/Content/EditorMaterials/MatineeGroups/MAT_Groups_Sound.uasset" 37
"../../../Engine/Content/EditorMaterials/MatineeGroups/MAT_Groups_Vector.uasset" 38
"../../../Engine/Content/EditorMaterials/ParticleSystems/PSysThumbnail_NoImage.uasset" 39
"../../../Engine/Content/EditorMaterials/ParticleSystems/PSysThumbnail_OOD.uasset" 40
"../../../Engine/Content/EditorMaterials/Camera/CineMat.uasset" 41
"../../../Engine/Content/EditorMaterials/Camera/MI_CineMat_Rig.uasset" 42
"../../../Engine/Content/EditorMeshes/Camera/SM_CraneRig_Arm.uasset" 43
"../../../Engine/Content/EditorMeshes/Camera/SM_CraneRig_Base.uasset" 44
"../../../Engine/Content/EditorMeshes/Camera/SM_CraneRig_Body.uasset" 45
"../../../Engine/Content/EditorMeshes/Camera/SM_CraneRig_Mount.uasset" 46
"../../../Engine/Content/EditorMeshes/Camera/SM_RailRig_Mount.uasset" 47
"../../../Engine/Content/EditorMeshes/Camera/SM_RailRig_Track.uasset" 48
"../../../Engine/Content/EditorMeshes/ColorCalibrator/M_ChromeBall.uasset" 49
"../../../Engine/Content/EditorMeshes/ColorCalibrator/M_ClearCoat.uasset" 50
"../../../Engine/Content/EditorMeshes/ColorCalibrator/M_ClearCoatBlack.uasset" 51
"../../../Engine/Content/EditorMeshes/ColorCalibrator/Color_checker.uasset" 52
"../../../Engine/Content/EditorMeshes/ColorCalibrator/M_ColorGrid.uasset" 53
"../../../Engine/Content/EditorMeshes/ColorCalibrator/M_GreyBall.uasset" 54
"../../../Engine/Content/EditorMeshes/ColorCalibrator/SM_ColorCalibrator.uasset" 55
"../../../Engine/Content/EditorResources/BSPVertex.uasset" 56
"../../../Engine/Content/EditorResources/EmptyActor.uasset" 57
"../../../Engine/Content/EditorResources/S_Actor.uasset" 58
"../../../Engine/Content/EditorResources/S_Trigger.uasset" 59
"../../../Engine/Content/EditorResources/LightIcons/S_LightError.uasset" 60
"../../../Engine/Content/EditorResources/SequenceRecorder/Countdown.uasset" 61
"../../../Engine/Content/EditorResources/SequenceRecorder/RecordingIndicator.uasset" 62
"../../../Engine/Content/EditorSounds/Notifications/CompileFailed.uasset" 63
"../../../Engine/Content/EditorSounds/Notifications/CompileFailed_Cue.uasset" 64
"../../../Engine/Content/EditorSounds/Notifications/CompileSuccess.uasset" 65
"../../../Engine/Content/EditorSounds/Notifications/CompileStart_Cue.uasset" 66
"../../../Engine/Content/EditorSounds/Notifications/CompileSuccess_Cue.uasset" 67
"../../../Engine/Content/EngineDamageTypes/DmgTypeBP_Environmental.uasset" 68
"../../../Engine/Content/EngineDebugMaterials/HeatmapGradient.uasset" 69
"../../../Engine/Content/EngineDebugMaterials/BoneWeightMaterial.uasset" 70
"../../../Engine/Content/EngineDebugMaterials/ClothMaterial.uasset" 71
"../../../Engine/Content/EngineDebugMaterials/ClothMaterial_WF.uasset" 72
"../../../Engine/Content/EngineDebugMaterials/DebugEditorMaterial.uasset" 73
"../../../Engine/Content/EngineDebugMaterials/DebugMeshMaterial.uasset" 74
"../../../Engine/Content/EngineDebugMaterials/GeomMaterial.uasset" 75
"../../../Engine/Content/EngineFonts/Faces/RobotoBold.uasset" 76
"../../../Engine/Content/EngineFonts/Faces/RobotoBoldItalic.uasset" 77
"../../../Engine/Content/EngineFonts/Faces/RobotoItalic.uasset" 78
"../../../Engine/Content/EngineFonts/Faces/RobotoLight.uasset" 79
"../../../Engine/Content/EngineFonts/Faces/RobotoRegular.uasset" 80
"../../../Engine/Content/EngineFonts/Roboto.uasset" 81
"../../../Engine/Content/EngineFonts/Faces/RobotoTiny.uasset" 82
"../../../Engine/Content/EngineFonts/RobotoTiny.uasset" 83
"../../../Engine/Content/EngineMaterials/DefaultBloomKernel.uasset" 84
"../../../Engine/Content/EngineMaterials/DefaultBokeh.uasset" 85
"../../../Engine/Content/EngineMaterials/DefaultDiffuse.uasset" 86
"../../../Engine/Content/EngineMaterials/DefaultDeferredDecalMaterial.uasset" 87
"../../../Engine/Content/EngineMaterials/DefaultLightFunctionMaterial.uasset" 88
"../../../Engine/Content/EngineMaterials/DefaultPhysicalMaterial.uasset" 89
"../../../Engine/Content/Functions/Engine_MaterialFunctions02/Utility/BreakOutFloat2Components.uasset" 90
"../../../Engine/Content/EngineMaterials/DefaultPostProcessMaterial.uasset" 91
"../../../Engine/Content/EngineFonts/RobotoDistanceField.uasset" 92
"../../../Engine/Content/EngineMaterials/DefaultTextMaterialOpaque.uasset" 93
"../../../Engine/Content/EngineMaterials/DefaultWhiteGrid.uasset" 94
"../../../Engine/Content/EngineMaterials/EditorBrushMaterial.uasset" 95
"../../../Engine/Content/EngineMaterials/Good64x64TilingNoiseHighFreq.uasset" 96
"../../../Engine/Content/EngineMaterials/MiniFont.uasset" 97
"../../../Engine/Content/EngineMaterials/InvalidLightmapSettings.uasset" 98
"../../../Engine/Content/EngineMaterials/M_InvalidLightmapSettings.uasset" 99
"../../../Engine/Content/Functions/Engine_MaterialFunctions02/WorldPositionOffset/CameraOffset.uasset" 100
"../../../Engine/Content/EngineMaterials/PhAT_JointLimitMaterial.uasset" 101
"../../../Engine/Content/EngineMaterials/PreintegratedSkinBRDF.uasset" 102
"../../../Engine/Content/EngineMaterials/RemoveSurfaceMaterial.uasset" 103
"../../../Engine/Content/EngineMaterials/WeightMapPlaceholderTexture.uasset" 104
"../../../Engine/Content/EngineResources/WhiteSquareTexture.uasset" 105
"../../../Engine/Content/EngineMaterials/Widget3DPassThrough.uasset" 106
"../../../Engine/Content/EngineMaterials/Widget3DPassThrough_Masked.uasset" 107
"../../../Engine/Content/EngineMaterials/Widget3DPassThrough_Opaque.uasset" 108
"../../../Engine/Content/EngineMaterials/Widget3DPassThrough_Masked_OneSided.uasset" 109
"../../../Engine/Content/EngineMaterials/Widget3DPassThrough_Opaque_OneSided.uasset" 110
"../../../Engine/Content/EngineMaterials/Widget3DPassThrough_Translucent.uasset" 111
"../../../Engine/Content/EngineMaterials/Widget3DPassThrough_Translucent_OneSided.uasset" 112
"../../../Engine/Content/EngineMeshes/Cube.uasset" 113
"../../../Engine/Content/EngineMeshes/Cylinder.uasset" 114
"../../../Engine/Content/EngineMeshes/Sphere.uasset" 115
"../../../Engine/Content/EngineResources/Black.uasset" 116
"../../../Engine/Content/EngineResources/DefaultTexture.uasset" 117
"../../../Engine/Content/EngineResources/DefaultTextureCube.uasset" 118
"../../../Engine/Content/EngineResources/GradientTexture0.uasset" 119
"../../../Engine/Content/EngineSounds/Master.uasset" 120
"../../../Engine/Content/Functions/Engine_MaterialFunctions01/Shading/ConvertFromDiffSpec.uasset" 121
"../../../Engine/Content/Functions/Engine_MaterialFunctions01/Shading/PowerToRoughness.uasset" 122
"../../../Engine/Content/Maps/Templates/Thumbnails/Default.uasset" 123
"../../../Engine/Content/Maps/Templates/Thumbnails/VR-Basic.uasset" 124
"../../../Engine/Content/MobileResources/T_MobileControls_texture.uasset" 125
"../../../Engine/Content/MobileResources/T_MobileMenu2.uasset" 126
"../../../Engine/Content/MobileResources/HUD/AnalogHat.uasset" 127
"../../../Engine/Content/MobileResources/HUD/VirtualJoystick_Background.uasset" 128
"../../../Engine/Content/MobileResources/HUD/VirtualJoystick_Thumb.uasset" 129
"../../../Engine/Content/MobileResources/HUD/DefaultVirtualJoysticks.uasset" 130
"../../../Engine/Content/MobileResources/HUD/LeftVirtualJoystickOnly.uasset" 131
"../../../Engine/Content/MobileResources/HUD/MobileHUDButton1_off.uasset" 132
"../../../Engine/Content/MobileResources/HUD/MobileHUDButton1_on.uasset" 133
"../../../Engine/Content/MobileResources/HUD/MobileHUDButton2_off.uasset" 134
"../../../Engine/Content/MobileResources/HUD/MobileHUDButton2_on.uasset" 135
"../../../Engine/Content/MobileResources/HUD/MobileHUDButton3.uasset" 136
"../../../Engine/Content/MobileResources/HUD/MobileHUDButtonFire.uasset" 137
"../../../Engine/Content/MobileResources/HUD/MobileHUDDirectionPad.uasset" 138
"../../../Engine/Content/MobileResources/HUD/MobileHUDDirectionPad2.uasset" 139
"../../../Engine/Content/MobileResources/HUD/MobileHUDDirectionPad3.uasset" 140
"../../../Engine/Content/MobileResources/HUD/MobileHUDDirectionStick.uasset" 141
"../../../Engine/Content/MobileResources/HUD/T_Castle_ThumbstickInner.uasset" 142
"../../../Engine/Content/MobileResources/HUD/T_Castle_ThumbstickOutter.uasset" 143
"../../../Engine/Content/Tutorial/ContentIntroCurve.uasset" 144
"../../../Engine/Content/Tutorial/Basics/TutorialAssets/icon_tab_Levels_40x.uasset" 145
"../../../Engine/Content/Tutorial/BlueprintTutorials/TutorialAssets/BlueprintInterface_64x.uasset" 146
"../../../Engine/Content/Tutorial/BlueprintTutorials/TutorialAssets/BlueprintMacroLibrary_64x.uasset" 147
"../../../Engine/Content/Tutorial/BlueprintTutorials/TutorialAssets/Blueprint_64x.uasset" 148
"../../../Engine/Content/Tutorial/BlueprintTutorials/TutorialAssets/Tutorial_BP_Interface.uasset" 149
"../../../Engine/Content/Tutorial/Foliage/TutorialAssets/Foliage.uasset" 150
"../../../Engine/Content/Tutorial/Landscape/TutorialAssets/Landscape.uasset" 151
"../../../Engine/Content/Tutorial/Paper2D/TutorialAssets/Paper2DFlipbook_TutorialIcon.uasset" 152
"../../../Engine/Content/Tutorial/Paper2D/TutorialAssets/Paper2DSprite_TutorialIcon.uasset" 153
"../../../Engine/Content/Tutorial/SubEditors/TutorialAssets/icon_Editor_Preferences_General_40x.uasset" 154
"../../../Engine/Content/Tutorial/SubEditors/TutorialAssets/icon_ShowSkeletalMeshes_40x.uasset" 155
"../../../Engine/Content/Tutorial/SubEditors/TutorialAssets/TutorialMaterial.uasset" 156
"../../../Engine/Content/Tutorial/SubEditors/TutorialAssets/T_SmokeSubUV_8X8.uasset" 157
"../../../Engine/Content/Tutorial/SubEditors/TutorialAssets/T_soft_smoke.uasset" 158
"../../../Engine/Content/Tutorial/SubEditors/TutorialAssets/M_smoke_subUV_blackbody.uasset" 159
"../../../Engine/Content/Tutorial/SubEditors/TutorialAssets/TutorialParticleSystem.uasset" 160
"../../../Engine/Content/VREditor/Devices/Generic/GenericHMDMaterial.uasset" 161
"../../../Engine/Content/VREditor/Devices/Generic/GenericHMD.uasset" 162
"../../../Engine/Content/VREditor/FloatingText/LineMaterial.uasset" 163
"../../../Engine/Content/VREditor/FloatingText/JointSphere.uasset" 164
"../../../Engine/Content/VREditor/FloatingText/LineSegmentCylinder.uasset" 165
"../../../Engine/Content/VREditor/Fonts/VRText_RobotoLarge.uasset" 166
"../../../Engine/Content/VREditor/Fonts/VRTextMaterial.uasset" 167
"../../../Engine/Content/VREditor/Fonts/TranslucentVRTextMaterial.uasset" 168
"../../../Engine/Content/VREditor/LaserPointer/CursorPointer.uasset" 169
"../../../Engine/Content/VREditor/LaserPointer/VR_LaserPower_01.uasset" 170
"../../../Engine/Content/VREditor/TransformGizmo/TransformGizmoMaterial.uasset" 171
"../../../Engine/Content/VREditor/LaserPointer/HoverMaterial.uasset" 172
"../../../Engine/Content/VREditor/TransformGizmo/TranslucentTransformGizmoMaterial.uasset" 173
"../../../Engine/Content/VREditor/LaserPointer/TranslucentHoverMaterial.uasset" 174
"../../../Engine/Content/VREditor/LaserPointer/HoverMesh.uasset" 175
"../../../Engine/Content/VREditor/LaserPointer/LaserPointerMaterial.uasset" 176
"../../../Engine/Content/VREditor/LaserPointer/LaserPointerMaterialInst.uasset" 177
"../../../Engine/Content/VREditor/LaserPointer/TranslucentLaserPointerMaterialInst.uasset" 178
"../../../Engine/Content/VREditor/LaserPointer/LaserPointerMesh.uasset" 179
"../../../Engine/Content/VREditor/LaserPointer/LaserPointerMesh_End.uasset" 180
"../../../Engine/Content/VREditor/LaserPointer/LaserPointerMesh_Start.uasset" 181
"../../../Engine/Content/Functions/Engine_MaterialFunctions02/Utility/BreakOutFloat3Components.uasset" 182
"../../../Engine/Content/Functions/Engine_MaterialFunctions02/Math/Transform3x3Matrix.uasset" 183
"../../../Engine/Content/Functions/Engine_MaterialFunctions02/SplitComponents.uasset" 184
"../../../Engine/Content/Functions/Engine_MaterialFunctions02/Utility/MakeFloat3.uasset" 185
"../../../Engine/Content/VREditor/SnapGrid/SnapGridMaterial.uasset" 186
"../../../Engine/Content/VREditor/SnapGrid/SnapGridPlaneMesh.uasset" 187
"../../../Engine/Content/VREditor/Sounds/VR_teleport.uasset" 188
"../../../Engine/Content/VREditor/Sounds/UI/Click_on_Button_Cue.uasset" 189
"../../../Engine/Content/VREditor/Sounds/UI/Dockable_Window_Close.uasset" 190
"../../../Engine/Content/VREditor/Sounds/UI/Dockable_Window_Drop.uasset" 191
"../../../Engine/Content/VREditor/Sounds/UI/Dockable_Window_Open.uasset" 192
"../../../Engine/Content/VREditor/Sounds/UI/Dockable_Window_Pick_Up.uasset" 193
"../../../Engine/Content/VREditor/Sounds/UI/Drop_Item_From_ContentBrowser.uasset" 194
"../../../Engine/Content/VREditor/Sounds/UI/Floating_UI_Open-001.uasset" 195
"../../../Engine/Content/VREditor/Sounds/UI/Gizmo_Handle_Clicked.uasset" 196
"../../../Engine/Content/VREditor/Sounds/UI/Object_PickUp.uasset" 197
"../../../Engine/Content/VREditor/Sounds/UI/Object_Snaps_To_Another_Actor.uasset" 198
"../../../Engine/Content/VREditor/Sounds/UI/Object_Snaps_To_Grid.uasset" 199
"../../../Engine/Content/VREditor/Sounds/UI/Radial_Menu_FadeOut.uasset" 200
"../../../Engine/Content/VREditor/Sounds/UI/Scaling_Down.uasset" 201
"../../../Engine/Content/VREditor/Sounds/UI/Scaling_Up.uasset" 202
"../../../Engine/Content/VREditor/Sounds/UI/Selection_Changes.uasset" 203
"../../../Engine/Content/VREditor/Sounds/UI/Teleport_Mode_Entered.uasset" 204
"../../../Engine/Content/VREditor/Teleport/TeleportDirectionMaterial.uasset" 205
"../../../Engine/Content/VREditor/Teleport/TeleportDirectionMaterial_Inst.uasset" 206
"../../../Engine/Content/VREditor/Teleport/TeleportDirectionMesh.uasset" 207
"../../../Engine/Content/VREditor/TransformGizmo/BoundingBoxCorner.uasset" 208
"../../../Engine/Content/VREditor/TransformGizmo/BoundingBoxEdge.uasset" 209
"../../../Engine/Content/VREditor/TransformGizmo/PlaneTranslationHandle.uasset" 210
"../../../Engine/Content/VREditor/TransformGizmo/RotationHandleFull.uasset" 211
"../../../Engine/Content/VREditor/TransformGizmo/RotationHandleIndicator.uasset" 212
"../../../Engine/Content/VREditor/TransformGizmo/RotationHandleQuarter.uasset" 213
"../../../Engine/Content/VREditor/TransformGizmo/Main.uasset" 214
"../../../Engine/Content/VREditor/TransformGizmo/Xray.uasset" 215
"../../../Engine/Content/VREditor/TransformGizmo/SM_Dialog_Close.uasset" 216
"../../../Engine/Content/VREditor/TransformGizmo/SM_Dialog_Move.uasset" 217
"../../../Engine/Content/VREditor/TransformGizmo/SM_Sequencer_Key.uasset" 218
"../../../Engine/Content/VREditor/TransformGizmo/SM_Sequencer_Node.uasset" 219
"../../../Engine/Content/VREditor/TransformGizmo/StartRotationHandleIndicator.uasset" 220
"../../../Engine/Content/VREditor/TransformGizmo/TranslucentTransformGizmoMaterial_Inst.uasset" 221
"../../../Engine/Content/VREditor/TransformGizmo/TransformGizmoFreeRotation.uasset" 222
"../../../Engine/Content/VREditor/TransformGizmo/TransformGizmoMaterial_Inst.uasset" 223
"../../../Engine/Content/VREditor/TransformGizmo/TranslateArrowHandle.uasset" 224
"../../../Engine/Content/VREditor/TransformGizmo/UniformScaleHandle.uasset" 225
"../../../Engine/Content/VREditor/UI/KeyDiskMaterial.uasset" 226
"../../../Engine/Content/VREditor/UI/DiscMaterial.uasset" 227
"../../../Engine/Content/VREditor/UI/SM_Radial_Disk.uasset" 228
"../../../Engine/Content/Functions/Engine_MaterialFunctions01/Gradient/RadialGradient.uasset" 229
"../../../Engine/Content/VREditor/WorldMovementGrid/SimpleGrid.uasset" 230
"../../../Engine/Content/VREditor/WorldMovementGrid/GridMaterial.uasset" 231
"../../../Engine/Content/Functions/Engine_MaterialFunctions01/Density/ExponentialDensity.uasset" 232
"../../../Engine/Content/VREditor/WorldMovementGrid/GridPostProcess.uasset" 233
"../../../Engine/Content/EditorLandscapeResources/FlattenHeightMat.uasset" 234
"../../../Engine/Content/VREditor/WorldMovementGrid/PlaneMesh.uasset" 235
"../../../Engine/Plugins/2D/Paper2D/Content/PlaceholderTextures/DummySpriteTexture.uasset" 236
"../../../Engine/Plugins/2D/Paper2D/Content/DummySprite.uasset" 237
"../../../Engine/Plugins/2D/Paper2D/Content/DefaultPaperTerrainMaterial.uasset" 238
"../../../Engine/Plugins/2D/Paper2D/Content/DefaultSpriteMaterial.uasset" 239
"../../../Engine/Plugins/2D/Paper2D/Content/MaskedUnlitSpriteMaterial.uasset" 240
"../../../Engine/Plugins/2D/Paper2D/Content/OpaqueUnlitSpriteMaterial.uasset" 241
"../../../Engine/Plugins/Media/MediaCompositing/Content/DefaultMediaPlaneMaterial.uasset" 242
"../../../Engine/Content/Functions/Engine_MaterialFunctions01/Texturing/ScaleUVsByCenter.uasset" 243
"../../../Engine/Content/Functions/Engine_MaterialFunctions02/Utility/MakeFloat4.uasset" 244
"../../../Engine/Plugins/Runtime/AppleARKit/Content/ARKitCameraMaterial.uasset" 245
"../../../Engine/Plugins/Runtime/Oculus/OculusVR/Content/Textures/GearVRController_AO.uasset" 246
"../../../Engine/Plugins/Runtime/Oculus/OculusVR/Content/Textures/GearVRController_Color.uasset" 247
"../../../Engine/Plugins/Runtime/Oculus/OculusVR/Content/Textures/GearVRController_Normal.uasset" 248
"../../../Engine/Plugins/Runtime/Oculus/OculusVR/Content/Materials/GearVRControllerMaterial.uasset" 249
"../../../Engine/Plugins/Runtime/Oculus/OculusVR/Content/Meshes/GearVrController.uasset" 250
"../../../LifePlay/Content/Characters/Skeleton/Skeleton.uasset" 251
"../../../LifePlay/Content/Characters/Anims/idle.uasset" 252
"../../../Engine/Content/EditorBlueprintResources/StandardMacros.uasset" 253
"../../../Engine/Content/EngineSky/C_Sky_Cloud_Color.uasset" 254
"../../../Engine/Content/EngineSky/C_Sky_Horizon_Color.uasset" 255
"../../../Engine/Content/EngineSky/C_Sky_Zenith_Color.uasset" 256
"../../../Engine/Content/EngineSky/BP_Sky_Sphere.uasset" 257
"../../../LifePlay/Content/Render/FaceRT.uasset" 258
"../../../LifePlay/Content/Render/FaceMaterial.uasset" 259
"../../../LifePlay/Content/Structs/Favorite.uasset" 260
"../../../Engine/Content/EngineResources/Cursors/Arrow.uasset" 261
"../../../LifePlay/Content/UI/Cursor.uasset" 262
"../../../LifePlay/Content/UI/Icons/Amenities/Alcohol.uasset" 263
"../../../LifePlay/Content/UI/Favorite.uasset" 264
"../../../LifePlay/Content/UI/SearchResult.uasset" 265
"../../../LifePlay/Content/UI/Icons/Amenities/art.uasset" 266
"../../../LifePlay/Content/UI/Shortcut.uasset" 267
"../../../LifePlay/Content/UI/Icons/Amenities/all.uasset" 268
"../../../LifePlay/Content/UI/Icons/Amenities/Bag.uasset" 269
"../../../LifePlay/Content/UI/Icons/Amenities/Bakery.uasset" 270
"../../../LifePlay/Content/UI/Icons/Amenities/Bank.uasset" 271
"../../../LifePlay/Content/UI/Icons/Amenities/Bar.uasset" 272
"../../../LifePlay/Content/UI/Icons/Amenities/Beauty.uasset" 273
"../../../LifePlay/Content/UI/Icons/Amenities/Beverages.uasset" 274
"../../../LifePlay/Content/UI/Icons/Amenities/Bicycle.uasset" 275
"../../../LifePlay/Content/UI/Icons/Amenities/Biergarten.uasset" 276
"../../../LifePlay/Content/UI/Icons/Amenities/Books.uasset" 277
"../../../LifePlay/Content/UI/Icons/Amenities/Butcher.uasset" 278
"../../../LifePlay/Content/UI/Icons/Amenities/Cafe.uasset" 279
"../../../LifePlay/Content/UI/Icons/Amenities/car.uasset" 280
"../../../LifePlay/Content/UI/Icons/Amenities/Chemist.uasset" 281
"../../../LifePlay/Content/UI/Icons/Amenities/Cinema.uasset" 282
"../../../LifePlay/Content/UI/Icons/Amenities/Clothes.uasset" 283
"../../../LifePlay/Content/UI/Icons/Amenities/Coffee.uasset" 284
"../../../LifePlay/Content/UI/Icons/Amenities/community_centre.uasset" 285
"../../../LifePlay/Content/UI/Icons/Amenities/Computer.uasset" 286
"../../../LifePlay/Content/UI/Icons/Amenities/Confectionery.uasset" 287
"../../../LifePlay/Content/UI/Icons/Amenities/Convenience.uasset" 288
"../../../LifePlay/Content/UI/Icons/Amenities/Copyshop.uasset" 289
"../../../LifePlay/Content/UI/Icons/Amenities/Cosmestics.uasset" 290
"../../../LifePlay/Content/UI/Icons/Amenities/Deli.uasset" 291
"../../../LifePlay/Content/UI/Icons/Amenities/Dentist.uasset" 292
"../../../LifePlay/Content/UI/Icons/Amenities/Department_store.uasset" 293
"../../../LifePlay/Content/UI/Icons/Amenities/Doctor.uasset" 294
"../../../LifePlay/Content/UI/Icons/Amenities/Doityourself.uasset" 295
"../../../LifePlay/Content/UI/Icons/Amenities/Electronics.uasset" 296
"../../../LifePlay/Content/UI/Icons/Amenities/Fast_food.uasset" 297
"../../../LifePlay/Content/UI/Icons/Amenities/Florist.uasset" 298
"../../../LifePlay/Content/UI/Icons/Amenities/Furniture.uasset" 299
"../../../LifePlay/Content/UI/Icons/Amenities/Garden_centre.uasset" 300
"../../../LifePlay/Content/UI/Icons/Amenities/Gift.uasset" 301
"../../../LifePlay/Content/UI/Icons/Amenities/Greengrocer.uasset" 302
"../../../LifePlay/Content/UI/Icons/Amenities/Hairdresser.uasset" 303
"../../../LifePlay/Content/UI/Icons/Amenities/Hospital.uasset" 304
"../../../LifePlay/Content/UI/Icons/Amenities/Hotel.uasset" 305
"../../../LifePlay/Content/UI/Icons/Amenities/Ice_cream.uasset" 306
"../../../LifePlay/Content/UI/Icons/Amenities/Jewellery.uasset" 307
"../../../LifePlay/Content/UI/Icons/Amenities/Laundry.uasset" 308
"../../../LifePlay/Content/UI/Icons/Amenities/Library.uasset" 309
"../../../LifePlay/Content/UI/Icons/Amenities/Marketplace.uasset" 310
"../../../LifePlay/Content/UI/Icons/Amenities/Mobile_phone.uasset" 311
"../../../LifePlay/Content/UI/Icons/Amenities/motorcycle.uasset" 312
"../../../LifePlay/Content/UI/Icons/Amenities/Musical_instrument.uasset" 313
"../../../LifePlay/Content/UI/Icons/Amenities/Newsagent.uasset" 314
"../../../LifePlay/Content/UI/Icons/Amenities/Nightclub.uasset" 315
"../../../LifePlay/Content/UI/Icons/Amenities/office.uasset" 316
"../../../LifePlay/Content/UI/Icons/Amenities/Optician.uasset" 317
"../../../LifePlay/Content/UI/Icons/Amenities/Outdoor.uasset" 318
"../../../LifePlay/Content/UI/Icons/Amenities/Pet.uasset" 319
"../../../LifePlay/Content/UI/Icons/Amenities/Pharmacy.uasset" 320
"../../../LifePlay/Content/UI/Icons/Amenities/Photo.uasset" 321
"../../../LifePlay/Content/UI/Icons/Amenities/Place_of_worship.uasset" 322
"../../../LifePlay/Content/UI/Icons/Amenities/Police.uasset" 323
"../../../LifePlay/Content/UI/Icons/Amenities/Post_office.uasset" 324
"../../../LifePlay/Content/UI/Icons/Amenities/Prison.uasset" 325
"../../../LifePlay/Content/UI/Icons/Amenities/Pub.uasset" 326
"../../../LifePlay/Content/UI/Icons/Amenities/residential.uasset" 327
"../../../LifePlay/Content/UI/Icons/Amenities/Restaurant.uasset" 328
"../../../LifePlay/Content/UI/Icons/Amenities/Seafood.uasset" 329
"../../../LifePlay/Content/UI/Icons/Amenities/Shoes.uasset" 330
"../../../LifePlay/Content/UI/Icons/Amenities/Sports.uasset" 331
"../../../LifePlay/Content/UI/Icons/Amenities/sports_centre.uasset" 332
"../../../LifePlay/Content/UI/Icons/Amenities/Stationery.uasset" 333
"../../../LifePlay/Content/UI/Icons/Amenities/Supermarket.uasset" 334
"../../../LifePlay/Content/UI/Icons/Amenities/Tea.uasset" 335
"../../../LifePlay/Content/UI/Icons/Amenities/Theatre.uasset" 336
"../../../LifePlay/Content/UI/Icons/Amenities/Tobacco.uasset" 337
"../../../LifePlay/Content/UI/Icons/Amenities/Toilets.uasset" 338
"../../../LifePlay/Content/UI/Icons/Amenities/Toys.uasset" 339
"../../../LifePlay/Content/UI/Icons/Amenities/Travel_agency.uasset" 340
"../../../LifePlay/Content/UI/Icons/Amenities/Variety_store.uasset" 341
"../../../LifePlay/Content/UI/Icons/Amenities/Veterinary.uasset" 342
"../../../LifePlay/Content/UI/Icons/arousal.uasset" 343
"../../../LifePlay/Content/UI/Icons/attractiveness.uasset" 344
"../../../LifePlay/Content/UI/Icons/energy.uasset" 345
"../../../LifePlay/Content/UI/Icons/fitness.uasset" 346
"../../../LifePlay/Content/UI/Icons/intelligence.uasset" 347
"../../../LifePlay/Content/UI/Icons/interpersonal.uasset" 348
"../../../LifePlay/Content/UI/Icons/mood.uasset" 349
"../../../LifePlay/Content/UI/Icons/perversion.uasset" 350
"../../../LifePlay/Content/UI/Icons/search.uasset" 351
"../../../LifePlay/Content/UI/TopRight.uasset" 352
"../../../LifePlay/Content/UI/ScreenTint.uasset" 353
"../../../LifePlay/Content/BPs/PC.uasset" 354
"../../../LifePlay/Content/Structs/AmenityImg.uasset" 355
"../../../LifePlay/Content/UI/Action.uasset" 356
"../../../LifePlay/Content/StreetMap/CentralLondon.uasset" 357
"../../../LifePlay/Content/StreetMap/NYC.uasset" 358
"../../../LifePlay/Plugins/StreetMap/Content/StreetMapDefaultMaterial.uasset" 359
"../../../LifePlay/Content/StreetMap/Static/CentralLondon.uasset" 360
"../../../LifePlay/Content/StreetMap/Static/NYC.uasset" 361
"../../../LifePlay/Content/Render/mask.uasset" 362
"../../../LifePlay/Content/Render/FaceMaterialRound.uasset" 363
"../../../LifePlay/Content/UI/Player.uasset" 364
"../../../LifePlay/Content/BPs/StreetMap_Static.uasset" 365
"../../../LifePlay/Content/BPs/Birdview.uasset" 366
"../../../LifePlay/Content/Structs/MeshSexRace.uasset" 367
"../../../LifePlay/Content/Structs/MorphSlider.uasset" 368
"../../../LifePlay/Content/Structs/Month.uasset" 369
"../../../LifePlay/Content/Characters/Materials/Cornea.uasset" 370
"../../../LifePlay/Content/Characters/Textures/body_derm.uasset" 371
"../../../LifePlay/Content/Characters/Textures/iris_mask.uasset" 372
"../../../LifePlay/Content/Characters/Textures/NormalMap.uasset" 373
"../../../LifePlay/Content/Characters/Materials/Eyes.uasset" 374
"../../../LifePlay/Content/Characters/Textures/Fem/Fem_NormalMap.uasset" 375
"../../../LifePlay/Content/Characters/Textures/Fem/female_diffuse.uasset" 376
"../../../LifePlay/Content/Characters/Materials/fem/Fem_Eyes.uasset" 377
"../../../LifePlay/Content/Characters/Materials/fem/Fem_Fur.uasset" 378
"../../../LifePlay/Content/Characters/Materials/fem/Fem_Pupil.uasset" 379
"../../../LifePlay/Content/Characters/CauM/SSP_Cau.uasset" 380
"../../../LifePlay/Content/Characters/Textures/Fem/Fem_AO.uasset" 381
"../../../LifePlay/Content/Characters/Textures/Fem/fem_skin_mask.uasset" 382
"../../../LifePlay/Content/Characters/Textures/Fem/Fem_Specular.uasset" 383
"../../../LifePlay/Content/Characters/Materials/fem/Fem_Skin.uasset" 384
"../../../LifePlay/Content/Characters/Materials/fem/Fem_Teeth.uasset" 385
"../../../LifePlay/Content/Characters/Materials/Fur.uasset" 386
"../../../LifePlay/Content/Characters/Materials/Pupil.uasset" 387
"../../../LifePlay/Content/Characters/Textures/AmbientOcclusionMap.uasset" 388
"../../../LifePlay/Content/Characters/Textures/skin_mask.uasset" 389
"../../../LifePlay/Content/Characters/Textures/SpecularMap.uasset" 390
"../../../LifePlay/Content/Characters/Materials/Skin.uasset" 391
"../../../LifePlay/Content/Characters/Materials/Teeth.uasset" 392
"../../../LifePlay/Content/Render/CharGenBodyRT.uasset" 393
"../../../LifePlay/Content/Render/CharGenBodyMaterial.uasset" 394
"../../../LifePlay/Content/Render/CharGenFaceRT.uasset" 395
"../../../LifePlay/Content/Render/CharGenFaceMaterial.uasset" 396
"../../../LifePlay/Content/UI/CharGenSlider.uasset" 397
"../../../LifePlay/Content/UI/ColorSlot.uasset" 398
"../../../LifePlay/Content/UI/Icons/zoom.uasset" 399
"../../../LifePlay/Content/UI/CharGen.uasset" 400
"../../../LifePlay/Content/Characters/AfrF/F_Afr_PhysicsAsset.uasset" 401
"../../../LifePlay/Content/Characters/AfrF/F_Afr.uasset" 402
"../../../LifePlay/Content/Characters/AfrM/M_Afr_PhysicsAsset.uasset" 403
"../../../LifePlay/Content/Characters/AfrM/M_Afr.uasset" 404
"../../../LifePlay/Content/Characters/AsiF/F_Asi_PhysicsAsset.uasset" 405
"../../../LifePlay/Content/Characters/AsiF/F_Asi.uasset" 406
"../../../LifePlay/Content/Characters/AsiM/M_Asi_PhysicsAsset.uasset" 407
"../../../LifePlay/Content/Characters/AsiM/M_Asi.uasset" 408
"../../../LifePlay/Content/Characters/CauF/F_Cau_PhysicsAsset.uasset" 409
"../../../LifePlay/Content/Characters/CauF/F_Cau.uasset" 410
"../../../LifePlay/Content/Characters/CauM/M_Cau_PhysicsAsset.uasset" 411
"../../../LifePlay/Content/Characters/CauM/M_Cau.uasset" 412
"../../../LifePlay/Content/BPs/GI.uasset" 413
"../../../LifePlay/Content/Characters/Textures/hair_alpha.uasset" 414
"../../../LifePlay/Content/Characters/Textures/hair_displace.uasset" 415
"../../../LifePlay/Content/Characters/Materials/HairMaterial.uasset" 416
"../../../LifePlay/Content/Characters/Hair/spiky.uasset" 417
"../../../LifePlay/Content/BPs/Person.uasset" 418
"../../../LifePlay/Content/BPs/GM.uasset" 419
"../../../LifePlay/Content/BPs/Pawn.uasset" 420
"../../../LifePlay/Content/Scenes/CentralLondon_BuiltData.uasset" 421
"../../../LifePlay/Content/UI/Backgrounds/sports_centre.uasset" 422
"../../../LifePlay/Content/Render/BackgroundMaterial.uasset" 423
"../../../Engine/Content/BasicShapes/Cube.uasset" 424
"../../../Engine/Content/EditorResources/MatineeCam_D.uasset" 425
"../../../Engine/Content/EditorMaterials/MatineeCam_mat.uasset" 426
"../../../Engine/Content/EditorMeshes/MatineeCam_SM.uasset" 427
"../../../LifePlay/Content/Scenes/CentralLondon.umap" 428
"../../../Engine/Content/Maps/Entry.umap" 429
